<?xml version="1.0" encoding="UTF-8"?>
<coverage generated="1652711600196" clover="3.2.0">
  <project timestamp="1652711600197" name="All files">
    <metrics statements="28" coveredstatements="28" conditionals="28" coveredconditionals="28" methods="6" coveredmethods="6" elements="62" coveredelements="62" complexity="0" loc="28" ncloc="28" packages="1" files="1" classes="1"/>
    <file name="functions.js" path="C:\Users\Arthur.vanAarsse_nsp\Documents\TTT\DevOpsTicTacToe\src\functions.js">
      <metrics statements="28" coveredstatements="28" conditionals="28" coveredconditionals="28" methods="6" coveredmethods="6"/>
      <line num="2" count="30" type="stmt"/>
      <line num="8" count="3" type="stmt"/>
      <line num="10" count="3" type="stmt"/>
      <line num="11" count="9" type="stmt"/>
      <line num="12" count="27" type="cond" truecount="2" falsecount="0"/>
      <line num="14" count="9" type="cond" truecount="2" falsecount="0"/>
      <line num="17" count="3" type="stmt"/>
      <line num="21" count="69" type="stmt"/>
      <line num="22" count="69" type="stmt"/>
      <line num="27" count="35" type="cond" truecount="5" falsecount="0"/>
      <line num="28" count="2" type="stmt"/>
      <line num="31" count="33" type="cond" truecount="5" falsecount="0"/>
      <line num="32" count="1" type="stmt"/>
      <line num="34" count="32" type="stmt"/>
      <line num="35" count="90" type="cond" truecount="5" falsecount="0"/>
      <line num="37" count="5" type="stmt"/>
      <line num="40" count="27" type="stmt"/>
      <line num="41" count="77" type="cond" truecount="5" falsecount="0"/>
      <line num="42" count="4" type="stmt"/>
      <line num="45" count="23" type="stmt"/>
      <line num="49" count="4" type="stmt"/>
      <line num="50" count="9" type="stmt"/>
      <line num="51" count="24" type="cond" truecount="2" falsecount="0"/>
      <line num="54" count="2" type="stmt"/>
      <line num="58" count="3" type="cond" truecount="2" falsecount="0"/>
      <line num="59" count="1" type="stmt"/>
      <line num="60" count="2" type="stmt"/>
      <line num="63" count="1" type="stmt"/>
    </file>
  </project>
</coverage>
