{"C:\\Users\\Arthur.vanAarsse_nsp\\Documents\\TTT\\DevOpsTicTacToe\\src\\functions.js": {"path":"C:\\Users\\Arthur.vanAarsse_nsp\\Documents\\TTT\\DevOpsTicTacToe\\src\\functions.js","statementMap":{"0":{"start":{"line":2,"column":4},"end":{"line":4,"column":32}},"1":{"start":{"line":8,"column":4},"end":{"line":12,"column":18}},"2":{"start":{"line":16,"column":4},"end":{"line":16,"column":32}},"3":{"start":{"line":17,"column":4},"end":{"line":17,"column":17}},"4":{"start":{"line":22,"column":4},"end":{"line":23,"column":20}},"5":{"start":{"line":23,"column":8},"end":{"line":23,"column":20}},"6":{"start":{"line":26,"column":4},"end":{"line":27,"column":20}},"7":{"start":{"line":27,"column":8},"end":{"line":27,"column":20}},"8":{"start":{"line":29,"column":4},"end":{"line":33,"column":5}},"9":{"start":{"line":29,"column":22},"end":{"line":29,"column":23}},"10":{"start":{"line":30,"column":8},"end":{"line":32,"column":52}},"11":{"start":{"line":32,"column":40},"end":{"line":32,"column":52}},"12":{"start":{"line":35,"column":4},"end":{"line":38,"column":5}},"13":{"start":{"line":35,"column":19},"end":{"line":35,"column":20}},"14":{"start":{"line":36,"column":8},"end":{"line":37,"column":24}},"15":{"start":{"line":37,"column":12},"end":{"line":37,"column":24}},"16":{"start":{"line":40,"column":4},"end":{"line":40,"column":16}},"17":{"start":{"line":43,"column":0},"end":{"line":48,"column":1}}},"fnMap":{"0":{"name":"createBoard","decl":{"start":{"line":1,"column":9},"end":{"line":1,"column":20}},"loc":{"start":{"line":1,"column":23},"end":{"line":5,"column":1}},"line":1},"1":{"name":"formatBoard","decl":{"start":{"line":7,"column":9},"end":{"line":7,"column":20}},"loc":{"start":{"line":7,"column":28},"end":{"line":13,"column":1}},"line":7},"2":{"name":"place","decl":{"start":{"line":15,"column":9},"end":{"line":15,"column":14}},"loc":{"start":{"line":15,"column":43},"end":{"line":18,"column":1}},"line":15},"3":{"name":"detectWin","decl":{"start":{"line":20,"column":9},"end":{"line":20,"column":18}},"loc":{"start":{"line":20,"column":34},"end":{"line":41,"column":1}},"line":20}},"branchMap":{"0":{"loc":{"start":{"line":22,"column":4},"end":{"line":23,"column":20}},"type":"if","locations":[{"start":{"line":22,"column":4},"end":{"line":23,"column":20}},{"start":{},"end":{}}],"line":22},"1":{"loc":{"start":{"line":22,"column":8},"end":{"line":22,"column":79}},"type":"binary-expr","locations":[{"start":{"line":22,"column":8},"end":{"line":22,"column":29}},{"start":{"line":22,"column":33},"end":{"line":22,"column":54}},{"start":{"line":22,"column":58},"end":{"line":22,"column":79}}],"line":22},"2":{"loc":{"start":{"line":26,"column":4},"end":{"line":27,"column":20}},"type":"if","locations":[{"start":{"line":26,"column":4},"end":{"line":27,"column":20}},{"start":{},"end":{}}],"line":26},"3":{"loc":{"start":{"line":26,"column":8},"end":{"line":26,"column":79}},"type":"binary-expr","locations":[{"start":{"line":26,"column":8},"end":{"line":26,"column":29}},{"start":{"line":26,"column":33},"end":{"line":26,"column":54}},{"start":{"line":26,"column":58},"end":{"line":26,"column":79}}],"line":26},"4":{"loc":{"start":{"line":30,"column":8},"end":{"line":32,"column":52}},"type":"if","locations":[{"start":{"line":30,"column":8},"end":{"line":32,"column":52}},{"start":{},"end":{}}],"line":30},"5":{"loc":{"start":{"line":30,"column":12},"end":{"line":32,"column":38}},"type":"binary-expr","locations":[{"start":{"line":30,"column":12},"end":{"line":30,"column":38}},{"start":{"line":31,"column":12},"end":{"line":31,"column":38}},{"start":{"line":32,"column":12},"end":{"line":32,"column":38}}],"line":30},"6":{"loc":{"start":{"line":36,"column":8},"end":{"line":37,"column":24}},"type":"if","locations":[{"start":{"line":36,"column":8},"end":{"line":37,"column":24}},{"start":{},"end":{}}],"line":36},"7":{"loc":{"start":{"line":36,"column":12},"end":{"line":36,"column":89}},"type":"binary-expr","locations":[{"start":{"line":36,"column":12},"end":{"line":36,"column":35}},{"start":{"line":36,"column":39},"end":{"line":36,"column":62}},{"start":{"line":36,"column":66},"end":{"line":36,"column":89}}],"line":36}},"s":{"0":24,"1":1,"2":60,"3":60,"4":33,"5":2,"6":31,"7":1,"8":30,"9":30,"10":84,"11":5,"12":25,"13":25,"14":71,"15":4,"16":21,"17":1},"f":{"0":24,"1":1,"2":60,"3":33},"b":{"0":[2,31],"1":[33,16,3],"2":[1,30],"3":[31,7,2],"4":[5,79],"5":[84,23,7],"6":[4,67],"7":[71,26,5]},"_coverageSchema":"1a1c01bbd47fc00a2c39e90264f33305004495a9","hash":"75888764187279bcdf7e2554f8c758e0caf930cd"}
}
