{"C:\\Users\\Arthur.vanAarsse_nsp\\Documents\\TTT\\DevOpsTicTacToe\\src\\functions.js": {"path":"C:\\Users\\Arthur.vanAarsse_nsp\\Documents\\TTT\\DevOpsTicTacToe\\src\\functions.js","statementMap":{"0":{"start":{"line":2,"column":4},"end":{"line":4,"column":32}},"1":{"start":{"line":11,"column":0},"end":{"line":14,"column":1}}},"fnMap":{"0":{"name":"createBoard","decl":{"start":{"line":1,"column":9},"end":{"line":1,"column":20}},"loc":{"start":{"line":1,"column":23},"end":{"line":5,"column":1}},"line":1},"1":{"name":"formatBoard","decl":{"start":{"line":7,"column":9},"end":{"line":7,"column":20}},"loc":{"start":{"line":7,"column":28},"end":{"line":9,"column":1}},"line":7}},"branchMap":{},"s":{"0":2,"1":1},"f":{"0":2,"1":1},"b":{},"_coverageSchema":"1a1c01bbd47fc00a2c39e90264f33305004495a9","hash":"2f80bb9edd3510f621e9fd612ea46947bc551d68"}
}
