TN:
SF:src\functions.js
FN:1,createBoard
FN:7,formatBoard
FN:15,place
FN:20,detectWin
FN:43,boardIsFull
FNF:5
FNH:5
FNDA:29,createBoard
FNDA:2,formatBoard
FNDA:69,place
FNDA:35,detectWin
FNDA:4,boardIsFull
DA:2,29
DA:8,2
DA:16,69
DA:17,69
DA:22,35
DA:23,2
DA:26,33
DA:27,1
DA:29,32
DA:30,90
DA:32,5
DA:35,27
DA:36,77
DA:37,4
DA:40,23
DA:44,4
DA:45,9
DA:46,24
DA:49,2
DA:52,1
LF:20
LH:20
BRDA:22,0,0,2
BRDA:22,0,1,33
BRDA:22,1,0,35
BRDA:22,1,1,17
BRDA:22,1,2,3
BRDA:26,2,0,1
BRDA:26,2,1,32
BRDA:26,3,0,33
BRDA:26,3,1,8
BRDA:26,3,2,2
BRDA:30,4,0,5
BRDA:30,4,1,85
BRDA:30,5,0,90
BRDA:30,5,1,26
BRDA:30,5,2,9
BRDA:36,6,0,4
BRDA:36,6,1,73
BRDA:36,7,0,77
BRDA:36,7,1,29
BRDA:36,7,2,7
BRDA:46,8,0,2
BRDA:46,8,1,22
BRF:22
BRH:22
end_of_record
