TN:
SF:src\functions.js
FN:1,createBoard
FN:7,formatBoard
FN:15,place
FN:20,detectWin
FNF:4
FNH:4
FNDA:18,createBoard
FNDA:1,formatBoard
FNDA:33,place
FNDA:13,detectWin
DA:2,18
DA:8,1
DA:16,33
DA:17,33
DA:22,13
DA:23,1
DA:26,12
DA:27,1
DA:29,11
DA:30,29
DA:32,4
DA:34,7
DA:37,1
LF:13
LH:13
BRDA:22,0,0,1
BRDA:22,0,1,12
BRDA:22,1,0,13
BRDA:22,1,1,5
BRDA:22,1,2,1
BRDA:26,2,0,1
BRDA:26,2,1,11
BRDA:26,3,0,12
BRDA:26,3,1,3
BRDA:26,3,2,2
BRDA:30,4,0,4
BRDA:30,4,1,25
BRDA:30,5,0,29
BRDA:30,5,1,8
BRDA:30,5,2,5
BRF:15
BRH:15
end_of_record
